<?xml version="1.0" encoding="UTF-8"?>
<testsuite name="io.github.arch2be.orderconfigserver.OrderConfigServerApplicationTests" tests="1" skipped="0" failures="0" errors="0" timestamp="2024-02-29T09:35:31" hostname="DESKTOP-I21LK59" time="0.664">
  <properties/>
  <testcase name="contextLoads()" classname="io.github.arch2be.orderconfigserver.OrderConfigServerApplicationTests" time="0.664"/>
  <system-out><![CDATA[10:35:29.054 [Test worker] INFO org.springframework.test.context.support.AnnotationConfigContextLoaderUtils -- Could not detect default configuration classes for test class [io.github.arch2be.orderconfigserver.OrderConfigServerApplicationTests]: OrderConfigServerApplicationTests does not declare any static, non-private, non-final, nested classes annotated with @Configuration.
10:35:29.141 [Test worker] INFO org.springframework.boot.test.context.SpringBootTestContextBootstrapper -- Found @SpringBootConfiguration io.github.arch2be.orderconfigserver.OrderConfigServerApplication for test class io.github.arch2be.orderconfigserver.OrderConfigServerApplicationTests

  .   ____          _            __ _ _
 /\\ / ___'_ __ _ _(_)_ __  __ _ \ \ \ \
( ( )\___ | '_ | '_| | '_ \/ _` | \ \ \ \
 \\/  ___)| |_)| | | | | || (_| |  ) ) ) )
  '  |____| .__|_| |_|_| |_\__, | / / / /
 =========|_|==============|___/=/_/_/_/
 :: Spring Boot ::                (v3.2.3)

2024-02-29T10:35:29.604+01:00  INFO 27048 --- [    Test worker] .g.a.o.OrderConfigServerApplicationTests : Starting OrderConfigServerApplicationTests using Java 20.0.2 with PID 27048 (started by Mateusz in C:\Users\Mateusz\Desktop\order-microservices\order-config-server)
2024-02-29T10:35:29.605+01:00  INFO 27048 --- [    Test worker] .g.a.o.OrderConfigServerApplicationTests : No active profile set, falling back to 1 default profile: "default"
2024-02-29T10:35:30.429+01:00  INFO 27048 --- [    Test worker] o.s.cloud.context.scope.GenericScope     : BeanFactory id=274a0a24-0273-3851-9156-525138d5dbd3
2024-02-29T10:35:31.091+01:00  INFO 27048 --- [    Test worker] o.s.s.web.DefaultSecurityFilterChain     : Will secure any request with [org.springframework.security.web.session.DisableEncodeUrlFilter@11c7a0b4, org.springframework.security.web.context.request.async.WebAsyncManagerIntegrationFilter@75ed125a, org.springframework.security.web.context.SecurityContextHolderFilter@22ae905f, org.springframework.security.web.header.HeaderWriterFilter@19b9f903, org.springframework.web.filter.CorsFilter@653a5967, org.springframework.security.web.csrf.CsrfFilter@3dea226b, org.springframework.security.web.authentication.logout.LogoutFilter@4d43a1b7, org.springframework.security.web.authentication.UsernamePasswordAuthenticationFilter@7196a8f1, org.springframework.security.web.authentication.ui.DefaultLoginPageGeneratingFilter@4f235e8e, org.springframework.security.web.authentication.ui.DefaultLogoutPageGeneratingFilter@5a85b4e6, org.springframework.security.web.authentication.www.BasicAuthenticationFilter@19bfbe28, org.springframework.security.web.savedrequest.RequestCacheAwareFilter@4fbaa7f5, org.springframework.security.web.servletapi.SecurityContextHolderAwareRequestFilter@3b3056a6, org.springframework.security.web.authentication.AnonymousAuthenticationFilter@766b6d02, org.springframework.security.web.access.ExceptionTranslationFilter@51ed2f68, org.springframework.security.web.access.intercept.AuthorizationFilter@ad0bb4e]
2024-02-29T10:35:31.462+01:00  INFO 27048 --- [    Test worker] .g.a.o.OrderConfigServerApplicationTests : Started OrderConfigServerApplicationTests in 2.175 seconds (process running for 3.2)
]]></system-out>
  <system-err><![CDATA[]]></system-err>
</testsuite>
