<?xml version="1.0" encoding="UTF-8"?>
<testsuite name="io.github.arch2be.orderapprovalservice.framework.OnNewOrderITest" tests="2" skipped="0" failures="0" errors="0" timestamp="2024-02-28T22:48:06" hostname="DESKTOP-I21LK59" time="1.066">
  <properties/>
  <testcase name="shouldCorrectProcessOrderApprove()" classname="io.github.arch2be.orderapprovalservice.framework.OnNewOrderITest" time="1.002"/>
  <testcase name="shouldThrowUnAuthorizeCode()" classname="io.github.arch2be.orderapprovalservice.framework.OnNewOrderITest" time="0.063"/>
  <system-out><![CDATA[23:47:46.955 [Test worker] INFO org.testcontainers.images.PullPolicy -- Image pull policy will be performed by: DefaultPullPolicy()
23:47:46.959 [Test worker] INFO org.testcontainers.utility.ImageNameSubstitutor -- Image name substitution will be performed by: DefaultImageNameSubstitutor (composite of 'ConfigurationFileImageNameSubstitutor' and 'PrefixingImageNameSubstitutor')
23:47:47.149 [testcontainers-lifecycle-0] INFO org.testcontainers.dockerclient.DockerClientProviderStrategy -- Loaded org.testcontainers.dockerclient.NpipeSocketClientProviderStrategy from ~/.testcontainers.properties, will try it first
23:47:47.434 [testcontainers-lifecycle-0] INFO org.testcontainers.dockerclient.DockerClientProviderStrategy -- Found Docker environment with local Npipe socket (npipe:////./pipe/docker_engine)
23:47:47.435 [testcontainers-lifecycle-0] INFO org.testcontainers.DockerClientFactory -- Docker host IP address is localhost
23:47:47.451 [testcontainers-lifecycle-0] INFO org.testcontainers.DockerClientFactory -- Connected to docker: 
  Server Version: 20.10.21
  API Version: 1.41
  Operating System: Docker Desktop
  Total Memory: 15946 MB
23:47:47.483 [testcontainers-lifecycle-0] INFO tc.testcontainers/ryuk:0.6.0 -- Creating container for image: testcontainers/ryuk:0.6.0
23:47:47.668 [testcontainers-lifecycle-0] INFO org.testcontainers.utility.RegistryAuthLocator -- Credential helper/store (docker-credential-desktop) does not have credentials for https://index.docker.io/v1/
23:47:47.807 [testcontainers-lifecycle-0] INFO tc.testcontainers/ryuk:0.6.0 -- Container testcontainers/ryuk:0.6.0 is starting: aadfefc8bf73e195688c91a5ab9aaa8191f314a78b0523ea9e012ef9adb08ce5
23:47:48.264 [testcontainers-lifecycle-0] INFO tc.testcontainers/ryuk:0.6.0 -- Container testcontainers/ryuk:0.6.0 started in PT0.7807665S
23:47:48.268 [testcontainers-lifecycle-0] INFO org.testcontainers.utility.RyukResourceReaper -- Ryuk started - will monitor and terminate Testcontainers containers on JVM exit
23:47:48.268 [testcontainers-lifecycle-0] INFO org.testcontainers.DockerClientFactory -- Checking the system...
23:47:48.269 [testcontainers-lifecycle-0] INFO org.testcontainers.DockerClientFactory -- ✔︎ Docker server version should be at least 1.6.0
23:47:48.269 [testcontainers-lifecycle-0] INFO tc.rabbitmq:3.8-management-alpine -- Creating container for image: rabbitmq:3.8-management-alpine
23:47:48.356 [testcontainers-lifecycle-0] INFO tc.rabbitmq:3.8-management-alpine -- Container rabbitmq:3.8-management-alpine is starting: 3e938781cf13ff85bc9236766dc6343217825d9049b81cba15a1fd5c20d6cd5e
23:48:00.582 [testcontainers-lifecycle-0] INFO tc.rabbitmq:3.8-management-alpine -- Container rabbitmq:3.8-management-alpine started in PT12.3128234S
23:48:01.236 [MockServer-EventLog0] INFO org.mockserver.log.MockServerEventLog -- 9999 started on port: 9999

  .   ____          _            __ _ _
 /\\ / ___'_ __ _ _(_)_ __  __ _ \ \ \ \
( ( )\___ | '_ | '_| | '_ \/ _` | \ \ \ \
 \\/  ___)| |_)| | | | | || (_| |  ) ) ) )
  '  |____| .__|_| |_|_| |_\__, | / / / /
 =========|_|==============|___/=/_/_/_/
 :: Spring Boot ::                (v3.2.3)

2024-02-28T23:48:02.037+01:00  INFO 13996 --- [    Test worker] i.g.a.o.framework.OnNewOrderITest        : Starting OnNewOrderITest using Java 20.0.2 with PID 13996 (started by Mateusz in C:\Users\Mateusz\Desktop\order-microservices\order-approval-service)
2024-02-28T23:48:02.038+01:00  INFO 13996 --- [    Test worker] i.g.a.o.framework.OnNewOrderITest        : No active profile set, falling back to 1 default profile: "default"
2024-02-28T23:48:02.717+01:00  INFO 13996 --- [    Test worker] .s.d.r.c.RepositoryConfigurationDelegate : Bootstrapping Spring Data JPA repositories in DEFAULT mode.
2024-02-28T23:48:02.770+01:00  INFO 13996 --- [    Test worker] .s.d.r.c.RepositoryConfigurationDelegate : Finished Spring Data repository scanning in 46 ms. Found 1 JPA repository interface.
2024-02-28T23:48:02.976+01:00  INFO 13996 --- [    Test worker] o.s.cloud.context.scope.GenericScope     : BeanFactory id=1b87af90-d1c1-370a-a647-fc3a66cf24f3
2024-02-28T23:48:03.250+01:00  INFO 13996 --- [    Test worker] com.zaxxer.hikari.HikariDataSource       : HikariPool-1 - Starting...
2024-02-28T23:48:03.431+01:00  INFO 13996 --- [    Test worker] com.zaxxer.hikari.pool.HikariPool        : HikariPool-1 - Added connection conn0: url=jdbc:h2:mem:mydb user=SA
2024-02-28T23:48:03.432+01:00  INFO 13996 --- [    Test worker] com.zaxxer.hikari.HikariDataSource       : HikariPool-1 - Start completed.
2024-02-28T23:48:03.482+01:00  INFO 13996 --- [    Test worker] o.hibernate.jpa.internal.util.LogHelper  : HHH000204: Processing PersistenceUnitInfo [name: default]
2024-02-28T23:48:03.556+01:00  INFO 13996 --- [    Test worker] org.hibernate.Version                    : HHH000412: Hibernate ORM core version 6.4.4.Final
2024-02-28T23:48:03.595+01:00  INFO 13996 --- [    Test worker] o.h.c.internal.RegionFactoryInitiator    : HHH000026: Second-level cache disabled
2024-02-28T23:48:03.855+01:00  INFO 13996 --- [    Test worker] o.s.o.j.p.SpringPersistenceUnitInfo      : No LoadTimeWeaver setup: ignoring JPA class transformer
2024-02-28T23:48:04.855+01:00  INFO 13996 --- [    Test worker] o.h.e.t.j.p.i.JtaPlatformInitiator       : HHH000489: No JTA platform available (set 'hibernate.transaction.jta.platform' to enable JTA platform integration)
2024-02-28T23:48:04.906+01:00  INFO 13996 --- [    Test worker] j.LocalContainerEntityManagerFactoryBean : Initialized JPA EntityManagerFactory for persistence unit 'default'
2024-02-28T23:48:05.329+01:00  WARN 13996 --- [    Test worker] JpaBaseConfiguration$JpaWebConfiguration : spring.jpa.open-in-view is enabled by default. Therefore, database queries may be performed during view rendering. Explicitly configure spring.jpa.open-in-view to disable this warning
2024-02-28T23:48:05.850+01:00  INFO 13996 --- [    Test worker] o.s.s.web.DefaultSecurityFilterChain     : Will secure any request with [org.springframework.security.web.session.DisableEncodeUrlFilter@3fc4e667, org.springframework.security.web.context.request.async.WebAsyncManagerIntegrationFilter@f55ecec, org.springframework.security.web.context.SecurityContextHolderFilter@3f8090db, org.springframework.security.web.header.HeaderWriterFilter@1bd97254, org.springframework.security.web.authentication.logout.LogoutFilter@77f2807f, org.springframework.security.web.authentication.www.BasicAuthenticationFilter@e87c4cf, org.springframework.security.web.savedrequest.RequestCacheAwareFilter@4487dce, org.springframework.security.web.servletapi.SecurityContextHolderAwareRequestFilter@3aafa1c1, org.springframework.security.web.authentication.AnonymousAuthenticationFilter@61c1be2f, org.springframework.security.web.access.ExceptionTranslationFilter@7c3c6564, org.springframework.security.web.access.intercept.AuthorizationFilter@45c8db36]
2024-02-28T23:48:06.108+01:00  WARN 13996 --- [    Test worker] o.s.b.a.m.MustacheAutoConfiguration      : Cannot find template location: classpath:/templates/ (please add some templates, check your Mustache configuration, or set spring.mustache.check-template-location=false)
2024-02-28T23:48:06.424+01:00  INFO 13996 --- [    Test worker] o.s.b.t.m.w.SpringBootMockServletContext : Initializing Spring TestDispatcherServlet ''
2024-02-28T23:48:06.424+01:00  INFO 13996 --- [    Test worker] o.s.t.web.servlet.TestDispatcherServlet  : Initializing Servlet ''
2024-02-28T23:48:06.425+01:00  INFO 13996 --- [    Test worker] o.s.t.web.servlet.TestDispatcherServlet  : Completed initialization in 1 ms
2024-02-28T23:48:06.527+01:00  INFO 13996 --- [    Test worker] o.s.a.r.c.CachingConnectionFactory       : Attempting to connect to: [localhost:61983]
2024-02-28T23:48:06.586+01:00  INFO 13996 --- [    Test worker] o.s.a.r.c.CachingConnectionFactory       : Created new connection: rabbitConnectionFactory#605a10fd:0/SimpleConnection@223ed38f [delegate=amqp://guest@127.0.0.1:61983/, localPort=61989]
2024-02-28T23:48:06.639+01:00  INFO 13996 --- [    Test worker] i.g.a.o.framework.OnNewOrderITest        : Started OnNewOrderITest in 5.363 seconds (process running for 20.834)
2024-02-28T23:48:07.372+01:00  INFO 13996 --- [erver-EventLog0] org.mockserver.log.MockServerEventLog    : 9999 creating expectation:

  {
    "httpRequest" : {
      "method" : "POST",
      "path" : "/order"
    },
    "httpResponse" : {
      "statusCode" : 200
    },
    "id" : "c6733e69-c595-4d99-9017-a63ce9030d38",
    "priority" : 0,
    "timeToLive" : {
      "unlimited" : true
    },
    "times" : {
      "unlimited" : true
    }
  }

 with id:

  c6733e69-c595-4d99-9017-a63ce9030d38

2024-02-28T23:48:07.538+01:00  INFO 13996 --- [ntContainer#0-1] i.g.a.o.f.out.email.OnNewOrderHandler    : Send email on address: {$agent-emails} with new order to approve with uuid: 97d46ca4-b2a5-4ba1-b957-aad1ce684552
2024-02-28T23:48:07.561+01:00  INFO 13996 --- [    Test worker] i.g.a.o.f.i.r.OrderApprovalController    : Start process for approve order with uuid: 97d46ca4-b2a5-4ba1-b957-aad1ce684552
2024-02-28T23:48:07.586+01:00  INFO 13996 --- [    Test worker] i.g.a.o.f.o.rest.OnApproveOrderHandler   : New approved order with uuid: 97d46ca4-b2a5-4ba1-b957-aad1ce684552 ready for send to external sys.
2024-02-28T23:48:07.611+01:00  INFO 13996 --- [erver-EventLog0] org.mockserver.log.MockServerEventLog    : 9999 received request:

  {
    "method" : "POST",
    "path" : "/order",
    "headers" : {
      "content-length" : [ "364" ],
      "User-Agent" : [ "Java/20.0.2" ],
      "Host" : [ "localhost:9999" ],
      "Content-Type" : [ "application/json" ],
      "Connection" : [ "keep-alive" ],
      "Accept" : [ "application/json, application/*+json" ]
    },
    "keepAlive" : true,
    "secure" : false,
    "protocol" : "HTTP_1_1",
    "localAddress" : "127.0.0.1:9999",
    "remoteAddress" : "127.0.0.1:61991",
    "body" : {
      "uuid" : "97d46ca4-b2a5-4ba1-b957-aad1ce684552",
      "customerDetails" : {
        "clientName" : "client-name",
        "clientSurname" : "client-surname",
        "installationAddress" : "test-address",
        "preferredInstallationDate" : [ 2024, 3, 2, 23, 48, 7, 378532000 ],
        "timeSlotDetails" : "timeslot"
      },
      "productToInstall" : [ {
        "type" : "TV",
        "details" : "just test details"
      } ],
      "status" : "WAITING_FOR_APPROVAL",
      "approved" : false
    }
  }

2024-02-28T23:48:07.612+01:00  INFO 13996 --- [erver-EventLog0] org.mockserver.log.MockServerEventLog    : 9999 request:

  {
    "method" : "POST",
    "path" : "/order",
    "headers" : {
      "content-length" : [ "364" ],
      "User-Agent" : [ "Java/20.0.2" ],
      "Host" : [ "localhost:9999" ],
      "Content-Type" : [ "application/json" ],
      "Connection" : [ "keep-alive" ],
      "Accept" : [ "application/json, application/*+json" ]
    },
    "keepAlive" : true,
    "secure" : false,
    "protocol" : "HTTP_1_1",
    "localAddress" : "127.0.0.1:9999",
    "remoteAddress" : "127.0.0.1:61991",
    "body" : {
      "uuid" : "97d46ca4-b2a5-4ba1-b957-aad1ce684552",
      "customerDetails" : {
        "clientName" : "client-name",
        "clientSurname" : "client-surname",
        "installationAddress" : "test-address",
        "preferredInstallationDate" : [ 2024, 3, 2, 23, 48, 7, 378532000 ],
        "timeSlotDetails" : "timeslot"
      },
      "productToInstall" : [ {
        "type" : "TV",
        "details" : "just test details"
      } ],
      "status" : "WAITING_FOR_APPROVAL",
      "approved" : false
    }
  }

 matched expectation:

  {
    "httpRequest" : {
      "method" : "POST",
      "path" : "/order"
    },
    "httpResponse" : {
      "statusCode" : 200
    },
    "id" : "c6733e69-c595-4d99-9017-a63ce9030d38",
    "priority" : 0,
    "timeToLive" : {
      "unlimited" : true
    },
    "times" : {
      "unlimited" : true
    }
  }

2024-02-28T23:48:07.614+01:00  INFO 13996 --- [erver-EventLog0] org.mockserver.log.MockServerEventLog    : 9999 returning response:

  {
    "statusCode" : 200
  }

 for request:

  {
    "method" : "POST",
    "path" : "/order",
    "headers" : {
      "content-length" : [ "364" ],
      "User-Agent" : [ "Java/20.0.2" ],
      "Host" : [ "localhost:9999" ],
      "Content-Type" : [ "application/json" ],
      "Connection" : [ "keep-alive" ],
      "Accept" : [ "application/json, application/*+json" ]
    },
    "keepAlive" : true,
    "secure" : false,
    "protocol" : "HTTP_1_1",
    "localAddress" : "127.0.0.1:9999",
    "remoteAddress" : "127.0.0.1:61991",
    "body" : {
      "uuid" : "97d46ca4-b2a5-4ba1-b957-aad1ce684552",
      "customerDetails" : {
        "clientName" : "client-name",
        "clientSurname" : "client-surname",
        "installationAddress" : "test-address",
        "preferredInstallationDate" : [ 2024, 3, 2, 23, 48, 7, 378532000 ],
        "timeSlotDetails" : "timeslot"
      },
      "productToInstall" : [ {
        "type" : "TV",
        "details" : "just test details"
      } ],
      "status" : "WAITING_FOR_APPROVAL",
      "approved" : false
    }
  }

 for action:

  {
    "statusCode" : 200
  }

 from expectation:

  c6733e69-c595-4d99-9017-a63ce9030d38

2024-02-28T23:48:07.648+01:00  INFO 13996 --- [erver-EventLog0] org.mockserver.log.MockServerEventLog    : 9999 verifying requests that match:

  {
    "httpRequest" : {
      "method" : "POST",
      "path" : "/order"
    },
    "times" : {
      "atLeast" : 1,
      "atMost" : 1
    }
  }

2024-02-28T23:48:07.652+01:00  INFO 13996 --- [erver-EventLog0] org.mockserver.log.MockServerEventLog    : request:

  {
    "method" : "POST",
    "path" : "/order"
  }

 found exactly once
2024-02-28T23:48:07.723+01:00  INFO 13996 --- [erver-EventLog0] org.mockserver.log.MockServerEventLog    : 9999 stopped for port: 9999
]]></system-out>
  <system-err><![CDATA[]]></system-err>
</testsuite>
