<?xml version="1.0" encoding="UTF-8"?>
<testsuite name="io.github.arch2be.orderapprovalservice.framework.OnNewOrderITest" tests="2" skipped="0" failures="0" errors="0" timestamp="2024-02-29T09:43:27" hostname="DESKTOP-I21LK59" time="1.062">
  <properties/>
  <testcase name="shouldCorrectProcessOrderApprove()" classname="io.github.arch2be.orderapprovalservice.framework.OnNewOrderITest" time="0.998"/>
  <testcase name="shouldThrowUnAuthorizeCode()" classname="io.github.arch2be.orderapprovalservice.framework.OnNewOrderITest" time="0.063"/>
  <system-out><![CDATA[10:43:06.980 [Test worker] INFO org.testcontainers.images.PullPolicy -- Image pull policy will be performed by: DefaultPullPolicy()
10:43:06.984 [Test worker] INFO org.testcontainers.utility.ImageNameSubstitutor -- Image name substitution will be performed by: DefaultImageNameSubstitutor (composite of 'ConfigurationFileImageNameSubstitutor' and 'PrefixingImageNameSubstitutor')
10:43:07.181 [testcontainers-lifecycle-0] INFO org.testcontainers.dockerclient.DockerClientProviderStrategy -- Loaded org.testcontainers.dockerclient.NpipeSocketClientProviderStrategy from ~/.testcontainers.properties, will try it first
10:43:07.478 [testcontainers-lifecycle-0] INFO org.testcontainers.dockerclient.DockerClientProviderStrategy -- Found Docker environment with local Npipe socket (npipe:////./pipe/docker_engine)
10:43:07.479 [testcontainers-lifecycle-0] INFO org.testcontainers.DockerClientFactory -- Docker host IP address is localhost
10:43:07.495 [testcontainers-lifecycle-0] INFO org.testcontainers.DockerClientFactory -- Connected to docker: 
  Server Version: 20.10.21
  API Version: 1.41
  Operating System: Docker Desktop
  Total Memory: 15946 MB
10:43:07.529 [testcontainers-lifecycle-0] INFO tc.testcontainers/ryuk:0.6.0 -- Creating container for image: testcontainers/ryuk:0.6.0
10:43:07.725 [testcontainers-lifecycle-0] INFO org.testcontainers.utility.RegistryAuthLocator -- Credential helper/store (docker-credential-desktop) does not have credentials for https://index.docker.io/v1/
10:43:07.875 [testcontainers-lifecycle-0] INFO tc.testcontainers/ryuk:0.6.0 -- Container testcontainers/ryuk:0.6.0 is starting: 5e46080b2fcccfd5b43fa0d60dfb50f30aa768ccb70679211bb4faad7915f721
10:43:08.557 [testcontainers-lifecycle-0] INFO tc.testcontainers/ryuk:0.6.0 -- Container testcontainers/ryuk:0.6.0 started in PT1.0286017S
10:43:08.562 [testcontainers-lifecycle-0] INFO org.testcontainers.utility.RyukResourceReaper -- Ryuk started - will monitor and terminate Testcontainers containers on JVM exit
10:43:08.562 [testcontainers-lifecycle-0] INFO org.testcontainers.DockerClientFactory -- Checking the system...
10:43:08.563 [testcontainers-lifecycle-0] INFO org.testcontainers.DockerClientFactory -- ✔︎ Docker server version should be at least 1.6.0
10:43:08.563 [testcontainers-lifecycle-0] INFO tc.rabbitmq:3.8-management-alpine -- Creating container for image: rabbitmq:3.8-management-alpine
10:43:08.650 [testcontainers-lifecycle-0] INFO tc.rabbitmq:3.8-management-alpine -- Container rabbitmq:3.8-management-alpine is starting: 4af97af3ae4f454604402791b86f8b78c2e5a0d7a1cddfba24474736814c988d
10:43:21.195 [testcontainers-lifecycle-0] INFO tc.rabbitmq:3.8-management-alpine -- Container rabbitmq:3.8-management-alpine started in PT12.6319723S
10:43:21.842 [MockServer-EventLog0] INFO org.mockserver.log.MockServerEventLog -- 9999 started on port: 9999

  .   ____          _            __ _ _
 /\\ / ___'_ __ _ _(_)_ __  __ _ \ \ \ \
( ( )\___ | '_ | '_| | '_ \/ _` | \ \ \ \
 \\/  ___)| |_)| | | | | || (_| |  ) ) ) )
  '  |____| .__|_| |_|_| |_\__, | / / / /
 =========|_|==============|___/=/_/_/_/
 :: Spring Boot ::                (v3.2.3)

2024-02-29T10:43:22.648+01:00  INFO 6440 --- [    Test worker] i.g.a.o.framework.OnNewOrderITest        : Starting OnNewOrderITest using Java 20.0.2 with PID 6440 (started by Mateusz in C:\Users\Mateusz\Desktop\order-microservices\order-approval-service)
2024-02-29T10:43:22.649+01:00  INFO 6440 --- [    Test worker] i.g.a.o.framework.OnNewOrderITest        : No active profile set, falling back to 1 default profile: "default"
2024-02-29T10:43:23.350+01:00  INFO 6440 --- [    Test worker] .s.d.r.c.RepositoryConfigurationDelegate : Bootstrapping Spring Data JPA repositories in DEFAULT mode.
2024-02-29T10:43:23.406+01:00  INFO 6440 --- [    Test worker] .s.d.r.c.RepositoryConfigurationDelegate : Finished Spring Data repository scanning in 48 ms. Found 1 JPA repository interface.
2024-02-29T10:43:23.634+01:00  INFO 6440 --- [    Test worker] o.s.cloud.context.scope.GenericScope     : BeanFactory id=1b87af90-d1c1-370a-a647-fc3a66cf24f3
2024-02-29T10:43:23.906+01:00  INFO 6440 --- [    Test worker] com.zaxxer.hikari.HikariDataSource       : HikariPool-1 - Starting...
2024-02-29T10:43:24.099+01:00  INFO 6440 --- [    Test worker] com.zaxxer.hikari.pool.HikariPool        : HikariPool-1 - Added connection conn0: url=jdbc:h2:mem:mydb user=SA
2024-02-29T10:43:24.100+01:00  INFO 6440 --- [    Test worker] com.zaxxer.hikari.HikariDataSource       : HikariPool-1 - Start completed.
2024-02-29T10:43:24.149+01:00  INFO 6440 --- [    Test worker] o.hibernate.jpa.internal.util.LogHelper  : HHH000204: Processing PersistenceUnitInfo [name: default]
2024-02-29T10:43:24.219+01:00  INFO 6440 --- [    Test worker] org.hibernate.Version                    : HHH000412: Hibernate ORM core version 6.4.4.Final
2024-02-29T10:43:24.257+01:00  INFO 6440 --- [    Test worker] o.h.c.internal.RegionFactoryInitiator    : HHH000026: Second-level cache disabled
2024-02-29T10:43:24.518+01:00  INFO 6440 --- [    Test worker] o.s.o.j.p.SpringPersistenceUnitInfo      : No LoadTimeWeaver setup: ignoring JPA class transformer
2024-02-29T10:43:25.514+01:00  INFO 6440 --- [    Test worker] o.h.e.t.j.p.i.JtaPlatformInitiator       : HHH000489: No JTA platform available (set 'hibernate.transaction.jta.platform' to enable JTA platform integration)
2024-02-29T10:43:25.560+01:00  INFO 6440 --- [    Test worker] j.LocalContainerEntityManagerFactoryBean : Initialized JPA EntityManagerFactory for persistence unit 'default'
2024-02-29T10:43:25.932+01:00  WARN 6440 --- [    Test worker] JpaBaseConfiguration$JpaWebConfiguration : spring.jpa.open-in-view is enabled by default. Therefore, database queries may be performed during view rendering. Explicitly configure spring.jpa.open-in-view to disable this warning
2024-02-29T10:43:26.447+01:00  INFO 6440 --- [    Test worker] o.s.s.web.DefaultSecurityFilterChain     : Will secure any request with [org.springframework.security.web.session.DisableEncodeUrlFilter@16124894, org.springframework.security.web.context.request.async.WebAsyncManagerIntegrationFilter@4dd56393, org.springframework.security.web.context.SecurityContextHolderFilter@712a5de4, org.springframework.security.web.header.HeaderWriterFilter@3aafa1c1, org.springframework.security.web.authentication.logout.LogoutFilter@52813ba4, org.springframework.security.web.authentication.www.BasicAuthenticationFilter@423325e0, org.springframework.security.web.savedrequest.RequestCacheAwareFilter@2008dfa7, org.springframework.security.web.servletapi.SecurityContextHolderAwareRequestFilter@492d0748, org.springframework.security.web.authentication.AnonymousAuthenticationFilter@7793eaca, org.springframework.security.web.access.ExceptionTranslationFilter@46199519, org.springframework.security.web.access.intercept.AuthorizationFilter@7222e168]
2024-02-29T10:43:26.732+01:00  WARN 6440 --- [    Test worker] o.s.b.a.m.MustacheAutoConfiguration      : Cannot find template location: classpath:/templates/ (please add some templates, check your Mustache configuration, or set spring.mustache.check-template-location=false)
2024-02-29T10:43:27.031+01:00  INFO 6440 --- [    Test worker] o.s.b.t.m.w.SpringBootMockServletContext : Initializing Spring TestDispatcherServlet ''
2024-02-29T10:43:27.031+01:00  INFO 6440 --- [    Test worker] o.s.t.web.servlet.TestDispatcherServlet  : Initializing Servlet ''
2024-02-29T10:43:27.032+01:00  INFO 6440 --- [    Test worker] o.s.t.web.servlet.TestDispatcherServlet  : Completed initialization in 1 ms
2024-02-29T10:43:27.122+01:00  INFO 6440 --- [    Test worker] o.s.a.r.c.CachingConnectionFactory       : Attempting to connect to: [localhost:53638]
2024-02-29T10:43:27.175+01:00  INFO 6440 --- [    Test worker] o.s.a.r.c.CachingConnectionFactory       : Created new connection: rabbitConnectionFactory#cdf3815:0/SimpleConnection@4872d04d [delegate=amqp://guest@127.0.0.1:53638/, localPort=53642]
2024-02-29T10:43:27.226+01:00  INFO 6440 --- [    Test worker] i.g.a.o.framework.OnNewOrderITest        : Started OnNewOrderITest in 5.347 seconds (process running for 21.513)
2024-02-29T10:43:27.965+01:00  INFO 6440 --- [erver-EventLog0] org.mockserver.log.MockServerEventLog    : 9999 creating expectation:

  {
    "httpRequest" : {
      "method" : "POST",
      "path" : "/order"
    },
    "httpResponse" : {
      "statusCode" : 200
    },
    "id" : "e4e1e924-0f15-44be-b6e4-b9168cfe23e1",
    "priority" : 0,
    "timeToLive" : {
      "unlimited" : true
    },
    "times" : {
      "unlimited" : true
    }
  }

 with id:

  e4e1e924-0f15-44be-b6e4-b9168cfe23e1

2024-02-29T10:43:28.116+01:00  INFO 6440 --- [ntContainer#0-1] i.g.a.o.f.out.email.OnNewOrderHandler    : Send email on address: {$agent-emails} with new order to approve with uuid: 006f0c75-466d-41b4-a26e-d91911c158d4
2024-02-29T10:43:28.150+01:00  INFO 6440 --- [    Test worker] i.g.a.o.f.i.r.OrderApprovalController    : Start process for approve order with uuid: 006f0c75-466d-41b4-a26e-d91911c158d4
2024-02-29T10:43:28.174+01:00  INFO 6440 --- [    Test worker] i.g.a.o.f.o.rest.OnApproveOrderHandler   : New approved order with uuid: 006f0c75-466d-41b4-a26e-d91911c158d4 ready for send to external sys.
2024-02-29T10:43:28.197+01:00  INFO 6440 --- [erver-EventLog0] org.mockserver.log.MockServerEventLog    : 9999 received request:

  {
    "method" : "POST",
    "path" : "/order",
    "headers" : {
      "content-length" : [ "365" ],
      "User-Agent" : [ "Java/20.0.2" ],
      "Host" : [ "localhost:9999" ],
      "Content-Type" : [ "application/json" ],
      "Connection" : [ "keep-alive" ],
      "Accept" : [ "application/json, application/*+json" ]
    },
    "keepAlive" : true,
    "secure" : false,
    "protocol" : "HTTP_1_1",
    "localAddress" : "127.0.0.1:9999",
    "remoteAddress" : "127.0.0.1:53644",
    "body" : {
      "uuid" : "006f0c75-466d-41b4-a26e-d91911c158d4",
      "customerDetails" : {
        "clientName" : "client-name",
        "clientSurname" : "client-surname",
        "installationAddress" : "test-address",
        "preferredInstallationDate" : [ 2024, 3, 3, 10, 43, 27, 970608000 ],
        "timeSlotDetails" : "timeslot"
      },
      "productToInstall" : [ {
        "type" : "TV",
        "details" : "just test details"
      } ],
      "status" : "WAITING_FOR_APPROVAL",
      "approved" : false
    }
  }

2024-02-29T10:43:28.198+01:00  INFO 6440 --- [erver-EventLog0] org.mockserver.log.MockServerEventLog    : 9999 request:

  {
    "method" : "POST",
    "path" : "/order",
    "headers" : {
      "content-length" : [ "365" ],
      "User-Agent" : [ "Java/20.0.2" ],
      "Host" : [ "localhost:9999" ],
      "Content-Type" : [ "application/json" ],
      "Connection" : [ "keep-alive" ],
      "Accept" : [ "application/json, application/*+json" ]
    },
    "keepAlive" : true,
    "secure" : false,
    "protocol" : "HTTP_1_1",
    "localAddress" : "127.0.0.1:9999",
    "remoteAddress" : "127.0.0.1:53644",
    "body" : {
      "uuid" : "006f0c75-466d-41b4-a26e-d91911c158d4",
      "customerDetails" : {
        "clientName" : "client-name",
        "clientSurname" : "client-surname",
        "installationAddress" : "test-address",
        "preferredInstallationDate" : [ 2024, 3, 3, 10, 43, 27, 970608000 ],
        "timeSlotDetails" : "timeslot"
      },
      "productToInstall" : [ {
        "type" : "TV",
        "details" : "just test details"
      } ],
      "status" : "WAITING_FOR_APPROVAL",
      "approved" : false
    }
  }

 matched expectation:

  {
    "httpRequest" : {
      "method" : "POST",
      "path" : "/order"
    },
    "httpResponse" : {
      "statusCode" : 200
    },
    "id" : "e4e1e924-0f15-44be-b6e4-b9168cfe23e1",
    "priority" : 0,
    "timeToLive" : {
      "unlimited" : true
    },
    "times" : {
      "unlimited" : true
    }
  }

2024-02-29T10:43:28.200+01:00  INFO 6440 --- [erver-EventLog0] org.mockserver.log.MockServerEventLog    : 9999 returning response:

  {
    "statusCode" : 200
  }

 for request:

  {
    "method" : "POST",
    "path" : "/order",
    "headers" : {
      "content-length" : [ "365" ],
      "User-Agent" : [ "Java/20.0.2" ],
      "Host" : [ "localhost:9999" ],
      "Content-Type" : [ "application/json" ],
      "Connection" : [ "keep-alive" ],
      "Accept" : [ "application/json, application/*+json" ]
    },
    "keepAlive" : true,
    "secure" : false,
    "protocol" : "HTTP_1_1",
    "localAddress" : "127.0.0.1:9999",
    "remoteAddress" : "127.0.0.1:53644",
    "body" : {
      "uuid" : "006f0c75-466d-41b4-a26e-d91911c158d4",
      "customerDetails" : {
        "clientName" : "client-name",
        "clientSurname" : "client-surname",
        "installationAddress" : "test-address",
        "preferredInstallationDate" : [ 2024, 3, 3, 10, 43, 27, 970608000 ],
        "timeSlotDetails" : "timeslot"
      },
      "productToInstall" : [ {
        "type" : "TV",
        "details" : "just test details"
      } ],
      "status" : "WAITING_FOR_APPROVAL",
      "approved" : false
    }
  }

 for action:

  {
    "statusCode" : 200
  }

 from expectation:

  e4e1e924-0f15-44be-b6e4-b9168cfe23e1

2024-02-29T10:43:28.233+01:00  INFO 6440 --- [erver-EventLog0] org.mockserver.log.MockServerEventLog    : 9999 verifying requests that match:

  {
    "httpRequest" : {
      "method" : "POST",
      "path" : "/order"
    },
    "times" : {
      "atLeast" : 1,
      "atMost" : 1
    }
  }

2024-02-29T10:43:28.237+01:00  INFO 6440 --- [erver-EventLog0] org.mockserver.log.MockServerEventLog    : request:

  {
    "method" : "POST",
    "path" : "/order"
  }

 found exactly once
2024-02-29T10:43:28.306+01:00  INFO 6440 --- [erver-EventLog0] org.mockserver.log.MockServerEventLog    : 9999 stopped for port: 9999
]]></system-out>
  <system-err><![CDATA[]]></system-err>
</testsuite>
